{
  "stats": {
    "suites": 2,
    "tests": 6,
    "passes": 6,
    "pending": 0,
    "failures": 0,
    "start": "2021-08-09T15:41:02.302Z",
    "end": "2021-08-09T15:41:46.211Z",
    "duration": 29508,
    "testsRegistered": 6,
    "passPercent": 100,
    "pendingPercent": 0,
    "other": 0,
    "hasOther": false,
    "skipped": 0,
    "hasSkipped": false
  },
  "results": [
    {
      "uuid": "235fb78b-9a15-4d2b-9a81-d8d53ac10494",
      "title": "",
      "fullFile": "cypress/integration/compareRateFromGoogleAndBank2.spec.js",
      "file": "cypress/integration/compareRateFromGoogleAndBank2.spec.js",
      "beforeHooks": [],
      "afterHooks": [],
      "tests": [],
      "suites": [
        {
          "uuid": "6380401d-fcbb-442a-8e57-7dc5b8348e99",
          "title": "google a currency rate and compare with rate from the bank of Canada [2]",
          "fullFile": "",
          "file": "",
          "beforeHooks": [],
          "afterHooks": [],
          "tests": [
            {
              "title": "from CAD to AUD",
              "fullTitle": "google a currency rate and compare with rate from the bank of Canada [2] from CAD to AUD",
              "timedOut": null,
              "duration": 5589,
              "state": "passed",
              "speed": "slow",
              "pass": true,
              "fail": false,
              "pending": false,
              "context": null,
              "code": "_GooglePage.onGooglePage.search(\"rate \" + currencyFrom + \" to \" + currencyTo);\n_GooglePage.onGooglePage.getCurrencyConverterArea().should('be.visible');\n_GooglePage.onGooglePage.getCurrencyConverterArea().find('div').eq(2).find('span').eq(0).then(rateFromGoogle => {\n  cy.log('rate from Google: ' + currencyFrom + \" to \" + currencyTo + \": \" + rateFromGoogle.text());\n  cy.request('GET', Cypress.env('rateAPI').replace(\"{FROMTO}\", currencyFrom + currencyTo)).then(response => {\n    expect(response.status).to.eq(200);\n    var len = response.body.observations.length;\n    var rateFromBank = response.body.observations[len - 1]['FX' + currencyFrom + currencyTo].v;\n    cy.log(\"rate from bank: \" + currencyFrom + \" to \" + currencyTo + \": \" + rateFromBank);\n    rateFromBank = parseFloat(rateFromBank.replace(\",\", \".\"));\n    rateFromGoogle = parseFloat(rateFromGoogle.text().replace(\",\", \".\"));\n    var diff = Math.abs(rateFromBank - rateFromGoogle);\n    var diffPerc = diff * 100.0 / Math.max(rateFromBank, rateFromGoogle);\n    cy.log(\"Difference for \" + currencyFrom + \" to \" + currencyTo + \" is \" + diff + \", what is \" + diffPerc + \"%\");\n    expect(diffPerc).to.be.lessThan(1);\n  });\n});",
              "err": {},
              "uuid": "9c09fec0-b5cf-489d-ab16-df2860fb0d29",
              "parentUUID": "6380401d-fcbb-442a-8e57-7dc5b8348e99",
              "isHook": false,
              "skipped": false
            },
            {
              "title": "from CAD to BRL",
              "fullTitle": "google a currency rate and compare with rate from the bank of Canada [2] from CAD to BRL",
              "timedOut": null,
              "duration": 3293,
              "state": "passed",
              "speed": "slow",
              "pass": true,
              "fail": false,
              "pending": false,
              "context": null,
              "code": "_GooglePage.onGooglePage.search(\"rate \" + currencyFrom + \" to \" + currencyTo);\n_GooglePage.onGooglePage.getCurrencyConverterArea().should('be.visible');\n_GooglePage.onGooglePage.getCurrencyConverterArea().find('div').eq(2).find('span').eq(0).then(rateFromGoogle => {\n  cy.log('rate from Google: ' + currencyFrom + \" to \" + currencyTo + \": \" + rateFromGoogle.text());\n  cy.request('GET', Cypress.env('rateAPI').replace(\"{FROMTO}\", currencyFrom + currencyTo)).then(response => {\n    expect(response.status).to.eq(200);\n    var len = response.body.observations.length;\n    var rateFromBank = response.body.observations[len - 1]['FX' + currencyFrom + currencyTo].v;\n    cy.log(\"rate from bank: \" + currencyFrom + \" to \" + currencyTo + \": \" + rateFromBank);\n    rateFromBank = parseFloat(rateFromBank.replace(\",\", \".\"));\n    rateFromGoogle = parseFloat(rateFromGoogle.text().replace(\",\", \".\"));\n    var diff = Math.abs(rateFromBank - rateFromGoogle);\n    var diffPerc = diff * 100.0 / Math.max(rateFromBank, rateFromGoogle);\n    cy.log(\"Difference for \" + currencyFrom + \" to \" + currencyTo + \" is \" + diff + \", what is \" + diffPerc + \"%\");\n    expect(diffPerc).to.be.lessThan(1);\n  });\n});",
              "err": {},
              "uuid": "ca78c977-c815-42ac-8167-da00726af014",
              "parentUUID": "6380401d-fcbb-442a-8e57-7dc5b8348e99",
              "isHook": false,
              "skipped": false
            },
            {
              "title": "from CAD to JPY",
              "fullTitle": "google a currency rate and compare with rate from the bank of Canada [2] from CAD to JPY",
              "timedOut": null,
              "duration": 4493,
              "state": "passed",
              "speed": "slow",
              "pass": true,
              "fail": false,
              "pending": false,
              "context": null,
              "code": "_GooglePage.onGooglePage.search(\"rate \" + currencyFrom + \" to \" + currencyTo);\n_GooglePage.onGooglePage.getCurrencyConverterArea().should('be.visible');\n_GooglePage.onGooglePage.getCurrencyConverterArea().find('div').eq(2).find('span').eq(0).then(rateFromGoogle => {\n  cy.log('rate from Google: ' + currencyFrom + \" to \" + currencyTo + \": \" + rateFromGoogle.text());\n  cy.request('GET', Cypress.env('rateAPI').replace(\"{FROMTO}\", currencyFrom + currencyTo)).then(response => {\n    expect(response.status).to.eq(200);\n    var len = response.body.observations.length;\n    var rateFromBank = response.body.observations[len - 1]['FX' + currencyFrom + currencyTo].v;\n    cy.log(\"rate from bank: \" + currencyFrom + \" to \" + currencyTo + \": \" + rateFromBank);\n    rateFromBank = parseFloat(rateFromBank.replace(\",\", \".\"));\n    rateFromGoogle = parseFloat(rateFromGoogle.text().replace(\",\", \".\"));\n    var diff = Math.abs(rateFromBank - rateFromGoogle);\n    var diffPerc = diff * 100.0 / Math.max(rateFromBank, rateFromGoogle);\n    cy.log(\"Difference for \" + currencyFrom + \" to \" + currencyTo + \" is \" + diff + \", what is \" + diffPerc + \"%\");\n    expect(diffPerc).to.be.lessThan(1);\n  });\n});",
              "err": {},
              "uuid": "e7ee9736-47a1-4a7e-bd16-b121446ea753",
              "parentUUID": "6380401d-fcbb-442a-8e57-7dc5b8348e99",
              "isHook": false,
              "skipped": false
            }
          ],
          "suites": [],
          "passes": [
            "9c09fec0-b5cf-489d-ab16-df2860fb0d29",
            "ca78c977-c815-42ac-8167-da00726af014",
            "e7ee9736-47a1-4a7e-bd16-b121446ea753"
          ],
          "failures": [],
          "pending": [],
          "skipped": [],
          "duration": 13375,
          "root": false,
          "rootEmpty": false,
          "_timeout": 2000
        }
      ],
      "passes": [],
      "failures": [],
      "pending": [],
      "skipped": [],
      "duration": 0,
      "root": true,
      "rootEmpty": true,
      "_timeout": 2000
    },
    {
      "uuid": "83ea295e-8118-4f2e-b577-c446a202e517",
      "title": "",
      "fullFile": "cypress/integration/compareRateFromGoogleAndBank1.spec.js",
      "file": "cypress/integration/compareRateFromGoogleAndBank1.spec.js",
      "beforeHooks": [],
      "afterHooks": [],
      "tests": [],
      "suites": [
        {
          "uuid": "cbbca8b3-2ac3-4a36-a9ae-3abe8f5ae123",
          "title": "google a currency rate and compare with rate from the bank of Canada [1]",
          "fullFile": "",
          "file": "",
          "beforeHooks": [],
          "afterHooks": [],
          "tests": [
            {
              "title": "from CAD to USD",
              "fullTitle": "google a currency rate and compare with rate from the bank of Canada [1] from CAD to USD",
              "timedOut": null,
              "duration": 8926,
              "state": "passed",
              "speed": "slow",
              "pass": true,
              "fail": false,
              "pending": false,
              "context": null,
              "code": "_GooglePage.onGooglePage.search(\"rate \" + currencyFrom + \" to \" + currencyTo);\n_GooglePage.onGooglePage.getCurrencyConverterArea().should('be.visible');\n_GooglePage.onGooglePage.getCurrencyConverterArea().find('div').eq(2).find('span').eq(0).then(rateFromGoogle => {\n  cy.log('rate from Google: ' + currencyFrom + \" to \" + currencyTo + \": \" + rateFromGoogle.text());\n  cy.request('GET', Cypress.env('rateAPI').replace(\"{FROMTO}\", currencyFrom + currencyTo)).then(response => {\n    expect(response.status).to.eq(200);\n    var len = response.body.observations.length;\n    var rateFromBank = response.body.observations[len - 1]['FX' + currencyFrom + currencyTo].v;\n    cy.log(\"rate from bank: \" + currencyFrom + \" to \" + currencyTo + \": \" + rateFromBank);\n    rateFromBank = parseFloat(rateFromBank.replace(\",\", \".\"));\n    rateFromGoogle = parseFloat(rateFromGoogle.text().replace(\",\", \".\"));\n    var diff = Math.abs(rateFromBank - rateFromGoogle);\n    var diffPerc = diff * 100.0 / Math.max(rateFromBank, rateFromGoogle);\n    cy.log(\"Difference for \" + currencyFrom + \" to \" + currencyTo + \" is \" + diff + \", what is \" + diffPerc + \"%\");\n    expect(diffPerc).to.be.lessThan(1);\n  });\n});",
              "err": {},
              "uuid": "1ec01188-e7e6-45dd-a2f9-5d327c21d597",
              "parentUUID": "cbbca8b3-2ac3-4a36-a9ae-3abe8f5ae123",
              "isHook": false,
              "skipped": false
            },
            {
              "title": "from CAD to EUR",
              "fullTitle": "google a currency rate and compare with rate from the bank of Canada [1] from CAD to EUR",
              "timedOut": null,
              "duration": 3802,
              "state": "passed",
              "speed": "slow",
              "pass": true,
              "fail": false,
              "pending": false,
              "context": null,
              "code": "_GooglePage.onGooglePage.search(\"rate \" + currencyFrom + \" to \" + currencyTo);\n_GooglePage.onGooglePage.getCurrencyConverterArea().should('be.visible');\n_GooglePage.onGooglePage.getCurrencyConverterArea().find('div').eq(2).find('span').eq(0).then(rateFromGoogle => {\n  cy.log('rate from Google: ' + currencyFrom + \" to \" + currencyTo + \": \" + rateFromGoogle.text());\n  cy.request('GET', Cypress.env('rateAPI').replace(\"{FROMTO}\", currencyFrom + currencyTo)).then(response => {\n    expect(response.status).to.eq(200);\n    var len = response.body.observations.length;\n    var rateFromBank = response.body.observations[len - 1]['FX' + currencyFrom + currencyTo].v;\n    cy.log(\"rate from bank: \" + currencyFrom + \" to \" + currencyTo + \": \" + rateFromBank);\n    rateFromBank = parseFloat(rateFromBank.replace(\",\", \".\"));\n    rateFromGoogle = parseFloat(rateFromGoogle.text().replace(\",\", \".\"));\n    var diff = Math.abs(rateFromBank - rateFromGoogle);\n    var diffPerc = diff * 100.0 / Math.max(rateFromBank, rateFromGoogle);\n    cy.log(\"Difference for \" + currencyFrom + \" to \" + currencyTo + \" is \" + diff + \", what is \" + diffPerc + \"%\");\n    expect(diffPerc).to.be.lessThan(1);\n  });\n});",
              "err": {},
              "uuid": "5a743207-29f8-4b7d-9d4b-13504ef80784",
              "parentUUID": "cbbca8b3-2ac3-4a36-a9ae-3abe8f5ae123",
              "isHook": false,
              "skipped": false
            },
            {
              "title": "from CAD to RUB",
              "fullTitle": "google a currency rate and compare with rate from the bank of Canada [1] from CAD to RUB",
              "timedOut": null,
              "duration": 3405,
              "state": "passed",
              "speed": "slow",
              "pass": true,
              "fail": false,
              "pending": false,
              "context": null,
              "code": "_GooglePage.onGooglePage.search(\"rate \" + currencyFrom + \" to \" + currencyTo);\n_GooglePage.onGooglePage.getCurrencyConverterArea().should('be.visible');\n_GooglePage.onGooglePage.getCurrencyConverterArea().find('div').eq(2).find('span').eq(0).then(rateFromGoogle => {\n  cy.log('rate from Google: ' + currencyFrom + \" to \" + currencyTo + \": \" + rateFromGoogle.text());\n  cy.request('GET', Cypress.env('rateAPI').replace(\"{FROMTO}\", currencyFrom + currencyTo)).then(response => {\n    expect(response.status).to.eq(200);\n    var len = response.body.observations.length;\n    var rateFromBank = response.body.observations[len - 1]['FX' + currencyFrom + currencyTo].v;\n    cy.log(\"rate from bank: \" + currencyFrom + \" to \" + currencyTo + \": \" + rateFromBank);\n    rateFromBank = parseFloat(rateFromBank.replace(\",\", \".\"));\n    rateFromGoogle = parseFloat(rateFromGoogle.text().replace(\",\", \".\"));\n    var diff = Math.abs(rateFromBank - rateFromGoogle);\n    var diffPerc = diff * 100.0 / Math.max(rateFromBank, rateFromGoogle);\n    cy.log(\"Difference for \" + currencyFrom + \" to \" + currencyTo + \" is \" + diff + \", what is \" + diffPerc + \"%\");\n    expect(diffPerc).to.be.lessThan(1);\n  });\n});",
              "err": {},
              "uuid": "5233f8c3-aa74-47ba-8ca1-d2a8a3c80f2f",
              "parentUUID": "cbbca8b3-2ac3-4a36-a9ae-3abe8f5ae123",
              "isHook": false,
              "skipped": false
            }
          ],
          "suites": [],
          "passes": [
            "1ec01188-e7e6-45dd-a2f9-5d327c21d597",
            "5a743207-29f8-4b7d-9d4b-13504ef80784",
            "5233f8c3-aa74-47ba-8ca1-d2a8a3c80f2f"
          ],
          "failures": [],
          "pending": [],
          "skipped": [],
          "duration": 16133,
          "root": false,
          "rootEmpty": false,
          "_timeout": 2000
        }
      ],
      "passes": [],
      "failures": [],
      "pending": [],
      "skipped": [],
      "duration": 0,
      "root": true,
      "rootEmpty": true,
      "_timeout": 2000
    }
  ],
  "meta": {
    "mocha": {
      "version": "7.0.1"
    },
    "mochawesome": {
      "options": {
        "quiet": false,
        "reportFilename": "mochawesome",
        "saveHtml": false,
        "saveJson": true,
        "consoleReporter": "spec",
        "useInlineDiffs": false,
        "code": true
      },
      "version": "6.2.2"
    },
    "marge": {
      "options": {
        "id": "default",
        "reportDir": "cypress/results/mochawesome",
        "overwrite": false,
        "html": false,
        "json": true
      },
      "version": "5.2.0"
    }
  }
}